Determining if the pthread_create exist failed with the following output:
Change Dir: /home/odroid/catkin_ws/build/CMakeFiles/CMakeTmp

Run Build Command:"/usr/bin/make" "cmTC_8c284/fast"
/usr/bin/make -f CMakeFiles/cmTC_8c284.dir/build.make CMakeFiles/cmTC_8c284.dir/build
make[1]: Entering directory '/home/odroid/catkin_ws/build/CMakeFiles/CMakeTmp'
Building C object CMakeFiles/cmTC_8c284.dir/CheckSymbolExists.c.o
/usr/bin/cc     -o CMakeFiles/cmTC_8c284.dir/CheckSymbolExists.c.o   -c /home/odroid/catkin_ws/build/CMakeFiles/CMakeTmp/CheckSymbolExists.c
Linking C executable cmTC_8c284
/usr/bin/cmake -E cmake_link_script CMakeFiles/cmTC_8c284.dir/link.txt --verbose=1
/usr/bin/cc       CMakeFiles/cmTC_8c284.dir/CheckSymbolExists.c.o  -o cmTC_8c284 -rdynamic 
CMakeFiles/cmTC_8c284.dir/CheckSymbolExists.c.o: In function `main':
CheckSymbolExists.c:(.text+0xe): undefined reference to `pthread_create'
CheckSymbolExists.c:(.text+0x12): undefined reference to `pthread_create'
collect2: error: ld returned 1 exit status
CMakeFiles/cmTC_8c284.dir/build.make:97: recipe for target 'cmTC_8c284' failed
make[1]: *** [cmTC_8c284] Error 1
make[1]: Leaving directory '/home/odroid/catkin_ws/build/CMakeFiles/CMakeTmp'
Makefile:126: recipe for target 'cmTC_8c284/fast' failed
make: *** [cmTC_8c284/fast] Error 2

File /home/odroid/catkin_ws/build/CMakeFiles/CMakeTmp/CheckSymbolExists.c:
/* */
#include <pthread.h>

int main(int argc, char** argv)
{
  (void)argv;
#ifndef pthread_create
  return ((int*)(&pthread_create))[argc];
#else
  (void)argc;
  return 0;
#endif
}

Determining if the function pthread_create exists in the pthreads failed with the following output:
Change Dir: /home/odroid/catkin_ws/build/CMakeFiles/CMakeTmp

Run Build Command:"/usr/bin/make" "cmTC_47ec7/fast"
/usr/bin/make -f CMakeFiles/cmTC_47ec7.dir/build.make CMakeFiles/cmTC_47ec7.dir/build
make[1]: Entering directory '/home/odroid/catkin_ws/build/CMakeFiles/CMakeTmp'
Building C object CMakeFiles/cmTC_47ec7.dir/CheckFunctionExists.c.o
/usr/bin/cc    -DCHECK_FUNCTION_EXISTS=pthread_create   -o CMakeFiles/cmTC_47ec7.dir/CheckFunctionExists.c.o   -c /usr/share/cmake-3.5/Modules/CheckFunctionExists.c
Linking C executable cmTC_47ec7
/usr/bin/cmake -E cmake_link_script CMakeFiles/cmTC_47ec7.dir/link.txt --verbose=1
/usr/bin/cc   -DCHECK_FUNCTION_EXISTS=pthread_create    CMakeFiles/cmTC_47ec7.dir/CheckFunctionExists.c.o  -o cmTC_47ec7 -rdynamic -lpthreads 
/usr/bin/ld: cannot find -lpthreads
collect2: error: ld returned 1 exit status
CMakeFiles/cmTC_47ec7.dir/build.make:97: recipe for target 'cmTC_47ec7' failed
make[1]: *** [cmTC_47ec7] Error 1
make[1]: Leaving directory '/home/odroid/catkin_ws/build/CMakeFiles/CMakeTmp'
Makefile:126: recipe for target 'cmTC_47ec7/fast' failed
make: *** [cmTC_47ec7/fast] Error 2


Determining if the include file pgm.h exists failed with the following output:
Change Dir: /home/odroid/catkin_ws/build/CMakeFiles/CMakeTmp

Run Build Command:"/usr/bin/make" "cmTC_48a95/fast"
make[1]: Entering directory '/home/odroid/catkin_ws/build/CMakeFiles/CMakeTmp'
/usr/bin/make -f CMakeFiles/cmTC_48a95.dir/build.make CMakeFiles/cmTC_48a95.dir/build
make[2]: Entering directory '/home/odroid/catkin_ws/build/CMakeFiles/CMakeTmp'
Building CXX object CMakeFiles/cmTC_48a95.dir/CheckIncludeFile.cxx.o
/usr/bin/c++      -o CMakeFiles/cmTC_48a95.dir/CheckIncludeFile.cxx.o -c /home/odroid/catkin_ws/build/CMakeFiles/CMakeTmp/CheckIncludeFile.cxx
/home/odroid/catkin_ws/build/CMakeFiles/CMakeTmp/CheckIncludeFile.cxx:1:17: fatal error: pgm.h: No such file or directory
compilation terminated.
CMakeFiles/cmTC_48a95.dir/build.make:65: recipe for target 'CMakeFiles/cmTC_48a95.dir/CheckIncludeFile.cxx.o' failed
make[2]: *** [CMakeFiles/cmTC_48a95.dir/CheckIncludeFile.cxx.o] Error 1
make[2]: Leaving directory '/home/odroid/catkin_ws/build/CMakeFiles/CMakeTmp'
Makefile:126: recipe for target 'cmTC_48a95/fast' failed
make[1]: *** [cmTC_48a95/fast] Error 2
make[1]: Leaving directory '/home/odroid/catkin_ws/build/CMakeFiles/CMakeTmp'


